{"/Users/mhartlanddykes/Projects/rugby-manager/backend/src/data-source.ts": {"path":"/Users/mhartlanddykes/Projects/rugby-manager/backend/src/data-source.ts","statementMap":{"0":{"start":{"line":1,"column":0},"end":{"line":1,"column":36}},"1":{"start":{"line":2,"column":0},"end":{"line":2,"column":44}},"2":{"start":{"line":3,"column":0},"end":{"line":3,"column":40}},"3":{"start":{"line":4,"column":0},"end":{"line":4,"column":44}},"4":{"start":{"line":5,"column":0},"end":{"line":5,"column":41}},"5":{"start":{"line":6,"column":0},"end":{"line":6,"column":41}},"6":{"start":{"line":7,"column":0},"end":{"line":7,"column":53}},"7":{"start":{"line":8,"column":0},"end":{"line":8,"column":49}},"8":{"start":{"line":9,"column":0},"end":{"line":9,"column":53}},"9":{"start":{"line":11,"column":13},"end":{"line":21,"column":null}}},"fnMap":{},"branchMap":{},"s":{"0":0,"1":0,"2":0,"3":0,"4":0,"5":0,"6":0,"7":0,"8":0,"9":0},"f":{},"b":{}}
,"/Users/mhartlanddykes/Projects/rugby-manager/backend/src/index.ts": {"path":"/Users/mhartlanddykes/Projects/rugby-manager/backend/src/index.ts","statementMap":{"0":{"start":{"line":1,"column":0},"end":{"line":1,"column":26}},"1":{"start":{"line":2,"column":0},"end":{"line":2,"column":28}},"2":{"start":{"line":3,"column":0},"end":{"line":3,"column":30}},"3":{"start":{"line":4,"column":0},"end":{"line":4,"column":28}},"4":{"start":{"line":5,"column":0},"end":{"line":5,"column":28}},"5":{"start":{"line":6,"column":0},"end":{"line":6,"column":24}},"6":{"start":{"line":8,"column":0},"end":{"line":8,"column":16}},"7":{"start":{"line":10,"column":0},"end":{"line":10,"column":45}},"8":{"start":{"line":12,"column":0},"end":{"line":12,"column":36}},"9":{"start":{"line":14,"column":12},"end":{"line":14,"column":21}},"10":{"start":{"line":16,"column":0},"end":{"line":16,"column":null}},"11":{"start":{"line":18,"column":0},"end":{"line":18,"column":18}},"12":{"start":{"line":19,"column":0},"end":{"line":19,"column":23}},"13":{"start":{"line":20,"column":0},"end":{"line":20,"column":24}},"14":{"start":{"line":22,"column":0},"end":{"line":24,"column":3}},"15":{"start":{"line":23,"column":4},"end":{"line":23,"column":28}},"16":{"start":{"line":26,"column":0},"end":{"line":26,"column":null}},"17":{"start":{"line":28,"column":0},"end":{"line":38,"column":7}},"18":{"start":{"line":30,"column":21},"end":{"line":30,"column":45}},"19":{"start":{"line":31,"column":8},"end":{"line":33,"column":11}},"20":{"start":{"line":32,"column":12},"end":{"line":32,"column":58}},"21":{"start":{"line":36,"column":8},"end":{"line":36,"column":73}},"22":{"start":{"line":37,"column":8},"end":{"line":37,"column":24}},"23":{"start":{"line":40,"column":0},"end":{"line":40,"column":19}}},"fnMap":{"0":{"name":"(anonymous_1)","decl":{"start":{"line":22,"column":13},"end":{"line":22,"column":14}},"loc":{"start":{"line":22,"column":26},"end":{"line":24,"column":1}}},"1":{"name":"(anonymous_2)","decl":{"start":{"line":29,"column":10},"end":{"line":29,"column":13}},"loc":{"start":{"line":29,"column":15},"end":{"line":34,"column":5}}},"2":{"name":"(anonymous_3)","decl":{"start":{"line":31,"column":25},"end":{"line":31,"column":28}},"loc":{"start":{"line":31,"column":30},"end":{"line":33,"column":9}}},"3":{"name":"(anonymous_4)","decl":{"start":{"line":35,"column":11},"end":{"line":35,"column":12}},"loc":{"start":{"line":35,"column":21},"end":{"line":38,"column":5}}}},"branchMap":{"0":{"loc":{"start":{"line":30,"column":21},"end":{"line":30,"column":45}},"type":"binary-expr","locations":[{"start":{"line":30,"column":21},"end":{"line":30,"column":37}},{"start":{"line":30,"column":41},"end":{"line":30,"column":45}}]}},"s":{"0":0,"1":0,"2":0,"3":0,"4":0,"5":0,"6":0,"7":0,"8":0,"9":0,"10":0,"11":0,"12":0,"13":0,"14":0,"15":0,"16":0,"17":0,"18":0,"19":0,"20":0,"21":0,"22":0,"23":0},"f":{"0":0,"1":0,"2":0,"3":0},"b":{"0":[0,0]}}
,"/Users/mhartlanddykes/Projects/rugby-manager/backend/src/server.ts": {"path":"/Users/mhartlanddykes/Projects/rugby-manager/backend/src/server.ts","statementMap":{"0":{"start":{"line":1,"column":0},"end":{"line":1,"column":29}},"1":{"start":{"line":3,"column":13},"end":{"line":3,"column":37}},"2":{"start":{"line":5,"column":0},"end":{"line":7,"column":3}},"3":{"start":{"line":6,"column":4},"end":{"line":6,"column":65}}},"fnMap":{"0":{"name":"(anonymous_1)","decl":{"start":{"line":5,"column":17},"end":{"line":5,"column":20}},"loc":{"start":{"line":5,"column":22},"end":{"line":7,"column":1}}}},"branchMap":{"0":{"loc":{"start":{"line":3,"column":13},"end":{"line":3,"column":37}},"type":"binary-expr","locations":[{"start":{"line":3,"column":13},"end":{"line":3,"column":29}},{"start":{"line":3,"column":33},"end":{"line":3,"column":37}}]}},"s":{"0":0,"1":0,"2":0,"3":0},"f":{"0":0},"b":{"0":[0,0]}}
,"/Users/mhartlanddykes/Projects/rugby-manager/backend/src/controllers/api/leagueController.ts": {"path":"/Users/mhartlanddykes/Projects/rugby-manager/backend/src/controllers/api/leagueController.ts","statementMap":{"0":{"start":{"line":2,"column":0},"end":{"line":2,"column":50}},"1":{"start":{"line":3,"column":0},"end":{"line":3,"column":49}},"2":{"start":{"line":5,"column":26},"end":{"line":22,"column":1}},"3":{"start":{"line":6,"column":4},"end":{"line":21,"column":5}},"4":{"start":{"line":7,"column":33},"end":{"line":7,"column":68}},"5":{"start":{"line":9,"column":24},"end":{"line":11,"column":10}},"6":{"start":{"line":13,"column":8},"end":{"line":13,"column":26}},"7":{"start":{"line":15,"column":8},"end":{"line":15,"column":56}},"8":{"start":{"line":16,"column":8},"end":{"line":20,"column":11}},"9":{"start":{"line":5,"column":13},"end":{"line":5,"column":26}},"10":{"start":{"line":24,"column":29},"end":{"line":53,"column":1}},"11":{"start":{"line":25,"column":24},"end":{"line":25,"column":37}},"12":{"start":{"line":27,"column":4},"end":{"line":52,"column":5}},"13":{"start":{"line":28,"column":33},"end":{"line":28,"column":68}},"14":{"start":{"line":30,"column":23},"end":{"line":35,"column":10}},"15":{"start":{"line":37,"column":8},"end":{"line":42,"column":9}},"16":{"start":{"line":38,"column":12},"end":{"line":41,"column":15}},"17":{"start":{"line":44,"column":8},"end":{"line":44,"column":25}},"18":{"start":{"line":46,"column":8},"end":{"line":46,"column":55}},"19":{"start":{"line":47,"column":8},"end":{"line":51,"column":11}},"20":{"start":{"line":24,"column":13},"end":{"line":24,"column":29}}},"fnMap":{"0":{"name":"(anonymous_0)","decl":{"start":{"line":5,"column":26},"end":{"line":5,"column":31}},"loc":{"start":{"line":5,"column":64},"end":{"line":22,"column":1}}},"1":{"name":"(anonymous_1)","decl":{"start":{"line":24,"column":29},"end":{"line":24,"column":34}},"loc":{"start":{"line":24,"column":67},"end":{"line":53,"column":1}}}},"branchMap":{"0":{"loc":{"start":{"line":19,"column":21},"end":{"line":19,"column":75}},"type":"cond-expr","locations":[{"start":{"line":19,"column":46},"end":{"line":19,"column":59}},{"start":{"line":19,"column":62},"end":{"line":19,"column":75}}]},"1":{"loc":{"start":{"line":37,"column":8},"end":{"line":42,"column":9}},"type":"if","locations":[{"start":{"line":37,"column":8},"end":{"line":42,"column":9}},{"start":{},"end":{}}]},"2":{"loc":{"start":{"line":50,"column":21},"end":{"line":50,"column":75}},"type":"cond-expr","locations":[{"start":{"line":50,"column":46},"end":{"line":50,"column":59}},{"start":{"line":50,"column":62},"end":{"line":50,"column":75}}]}},"s":{"0":1,"1":1,"2":1,"3":3,"4":3,"5":3,"6":2,"7":1,"8":1,"9":1,"10":1,"11":3,"12":3,"13":3,"14":3,"15":2,"16":1,"17":1,"18":1,"19":1,"20":1},"f":{"0":3,"1":3},"b":{"0":[1,0],"1":[1,1],"2":[1,0]}}
,"/Users/mhartlanddykes/Projects/rugby-manager/backend/src/controllers/api/playerController.ts": {"path":"/Users/mhartlanddykes/Projects/rugby-manager/backend/src/controllers/api/playerController.ts","statementMap":{"0":{"start":{"line":2,"column":0},"end":{"line":2,"column":50}},"1":{"start":{"line":3,"column":0},"end":{"line":3,"column":49}},"2":{"start":{"line":5,"column":26},"end":{"line":20,"column":1}},"3":{"start":{"line":6,"column":4},"end":{"line":19,"column":5}},"4":{"start":{"line":7,"column":33},"end":{"line":7,"column":68}},"5":{"start":{"line":8,"column":24},"end":{"line":8,"column":53}},"6":{"start":{"line":10,"column":8},"end":{"line":10,"column":26}},"7":{"start":{"line":13,"column":8},"end":{"line":13,"column":56}},"8":{"start":{"line":14,"column":8},"end":{"line":18,"column":11}},"9":{"start":{"line":5,"column":13},"end":{"line":5,"column":26}},"10":{"start":{"line":22,"column":29},"end":{"line":41,"column":1}},"11":{"start":{"line":23,"column":24},"end":{"line":23,"column":37}},"12":{"start":{"line":24,"column":4},"end":{"line":40,"column":5}},"13":{"start":{"line":25,"column":33},"end":{"line":25,"column":68}},"14":{"start":{"line":26,"column":23},"end":{"line":30,"column":10}},"15":{"start":{"line":32,"column":8},"end":{"line":32,"column":25}},"16":{"start":{"line":34,"column":8},"end":{"line":34,"column":55}},"17":{"start":{"line":35,"column":8},"end":{"line":39,"column":11}},"18":{"start":{"line":22,"column":13},"end":{"line":22,"column":29}}},"fnMap":{"0":{"name":"(anonymous_0)","decl":{"start":{"line":5,"column":26},"end":{"line":5,"column":31}},"loc":{"start":{"line":5,"column":64},"end":{"line":20,"column":1}}},"1":{"name":"(anonymous_1)","decl":{"start":{"line":22,"column":29},"end":{"line":22,"column":34}},"loc":{"start":{"line":22,"column":67},"end":{"line":41,"column":1}}}},"branchMap":{"0":{"loc":{"start":{"line":17,"column":21},"end":{"line":17,"column":75}},"type":"cond-expr","locations":[{"start":{"line":17,"column":46},"end":{"line":17,"column":59}},{"start":{"line":17,"column":62},"end":{"line":17,"column":75}}]},"1":{"loc":{"start":{"line":38,"column":21},"end":{"line":38,"column":75}},"type":"cond-expr","locations":[{"start":{"line":38,"column":46},"end":{"line":38,"column":59}},{"start":{"line":38,"column":62},"end":{"line":38,"column":75}}]}},"s":{"0":0,"1":0,"2":0,"3":0,"4":0,"5":0,"6":0,"7":0,"8":0,"9":0,"10":0,"11":0,"12":0,"13":0,"14":0,"15":0,"16":0,"17":0,"18":0},"f":{"0":0,"1":0},"b":{"0":[0,0],"1":[0,0]}}
,"/Users/mhartlanddykes/Projects/rugby-manager/backend/src/controllers/api/teamController.ts": {"path":"/Users/mhartlanddykes/Projects/rugby-manager/backend/src/controllers/api/teamController.ts","statementMap":{"0":{"start":{"line":2,"column":0},"end":{"line":2,"column":50}},"1":{"start":{"line":3,"column":0},"end":{"line":3,"column":45}},"2":{"start":{"line":5,"column":24},"end":{"line":22,"column":1}},"3":{"start":{"line":6,"column":4},"end":{"line":21,"column":5}},"4":{"start":{"line":7,"column":31},"end":{"line":7,"column":64}},"5":{"start":{"line":9,"column":22},"end":{"line":11,"column":10}},"6":{"start":{"line":13,"column":8},"end":{"line":13,"column":24}},"7":{"start":{"line":15,"column":8},"end":{"line":15,"column":56}},"8":{"start":{"line":16,"column":8},"end":{"line":20,"column":11}},"9":{"start":{"line":5,"column":13},"end":{"line":5,"column":24}},"10":{"start":{"line":24,"column":27},"end":{"line":44,"column":1}},"11":{"start":{"line":25,"column":24},"end":{"line":25,"column":37}},"12":{"start":{"line":26,"column":4},"end":{"line":43,"column":5}},"13":{"start":{"line":27,"column":31},"end":{"line":27,"column":64}},"14":{"start":{"line":28,"column":21},"end":{"line":32,"column":10}},"15":{"start":{"line":34,"column":8},"end":{"line":34,"column":23}},"16":{"start":{"line":37,"column":8},"end":{"line":37,"column":55}},"17":{"start":{"line":38,"column":8},"end":{"line":42,"column":11}},"18":{"start":{"line":24,"column":13},"end":{"line":24,"column":27}}},"fnMap":{"0":{"name":"(anonymous_0)","decl":{"start":{"line":5,"column":24},"end":{"line":5,"column":29}},"loc":{"start":{"line":5,"column":62},"end":{"line":22,"column":1}}},"1":{"name":"(anonymous_1)","decl":{"start":{"line":24,"column":27},"end":{"line":24,"column":32}},"loc":{"start":{"line":24,"column":65},"end":{"line":44,"column":1}}}},"branchMap":{"0":{"loc":{"start":{"line":19,"column":21},"end":{"line":19,"column":75}},"type":"cond-expr","locations":[{"start":{"line":19,"column":46},"end":{"line":19,"column":59}},{"start":{"line":19,"column":62},"end":{"line":19,"column":75}}]},"1":{"loc":{"start":{"line":41,"column":21},"end":{"line":41,"column":75}},"type":"cond-expr","locations":[{"start":{"line":41,"column":46},"end":{"line":41,"column":59}},{"start":{"line":41,"column":62},"end":{"line":41,"column":75}}]}},"s":{"0":0,"1":0,"2":0,"3":0,"4":0,"5":0,"6":0,"7":0,"8":0,"9":0,"10":0,"11":0,"12":0,"13":0,"14":0,"15":0,"16":0,"17":0,"18":0},"f":{"0":0,"1":0},"b":{"0":[0,0],"1":[0,0]}}
,"/Users/mhartlanddykes/Projects/rugby-manager/backend/src/controllers/auth/loginController.ts": {"path":"/Users/mhartlanddykes/Projects/rugby-manager/backend/src/controllers/auth/loginController.ts","statementMap":{"0":{"start":{"line":2,"column":0},"end":{"line":2,"column":49}},"1":{"start":{"line":3,"column":0},"end":{"line":3,"column":45}},"2":{"start":{"line":5,"column":0},"end":{"line":5,"column":28}},"3":{"start":{"line":6,"column":0},"end":{"line":6,"column":30}},"4":{"start":{"line":7,"column":0},"end":{"line":7,"column":27}},"5":{"start":{"line":9,"column":0},"end":{"line":9,"column":16}},"6":{"start":{"line":11,"column":21},"end":{"line":38,"column":1}},"7":{"start":{"line":12,"column":35},"end":{"line":12,"column":47}},"8":{"start":{"line":14,"column":27},"end":{"line":14,"column":60}},"9":{"start":{"line":16,"column":17},"end":{"line":20,"column":6}},"10":{"start":{"line":22,"column":28},"end":{"line":22,"column":101}},"11":{"start":{"line":24,"column":4},"end":{"line":28,"column":5}},"12":{"start":{"line":25,"column":8},"end":{"line":27,"column":null}},"13":{"start":{"line":30,"column":25},"end":{"line":33,"column":null}},"14":{"start":{"line":35,"column":18},"end":{"line":35,"column":88}},"15":{"start":{"line":37,"column":4},"end":{"line":37,"column":null}},"16":{"start":{"line":11,"column":13},"end":{"line":11,"column":21}}},"fnMap":{"0":{"name":"(anonymous_1)","decl":{"start":{"line":11,"column":21},"end":{"line":11,"column":26}},"loc":{"start":{"line":11,"column":67},"end":{"line":38,"column":1}}}},"branchMap":{"0":{"loc":{"start":{"line":22,"column":28},"end":{"line":22,"column":101}},"type":"cond-expr","locations":[{"start":{"line":22,"column":44},"end":{"line":22,"column":49}},{"start":{"line":22,"column":52},"end":{"line":22,"column":101}}]},"1":{"loc":{"start":{"line":24,"column":4},"end":{"line":28,"column":5}},"type":"if","locations":[{"start":{"line":24,"column":4},"end":{"line":28,"column":5}},{"start":{},"end":{}}]},"2":{"loc":{"start":{"line":24,"column":9},"end":{"line":24,"column":32}},"type":"binary-expr","locations":[{"start":{"line":24,"column":9},"end":{"line":24,"column":13}},{"start":{"line":24,"column":17},"end":{"line":24,"column":32}}]},"3":{"loc":{"start":{"line":35,"column":41},"end":{"line":35,"column":65}},"type":"binary-expr","locations":[{"start":{"line":35,"column":41},"end":{"line":35,"column":59}},{"start":{"line":35,"column":63},"end":{"line":35,"column":65}}]}},"s":{"0":0,"1":0,"2":0,"3":0,"4":0,"5":0,"6":0,"7":0,"8":0,"9":0,"10":0,"11":0,"12":0,"13":0,"14":0,"15":0,"16":0},"f":{"0":0},"b":{"0":[0,0],"1":[0,0],"2":[0,0],"3":[0,0]}}
,"/Users/mhartlanddykes/Projects/rugby-manager/backend/src/controllers/auth/userController.ts": {"path":"/Users/mhartlanddykes/Projects/rugby-manager/backend/src/controllers/auth/userController.ts","statementMap":{"0":{"start":{"line":2,"column":0},"end":{"line":2,"column":50}},"1":{"start":{"line":3,"column":0},"end":{"line":3,"column":46}},"2":{"start":{"line":4,"column":0},"end":{"line":4,"column":28}},"3":{"start":{"line":6,"column":24},"end":{"line":21,"column":1}},"4":{"start":{"line":7,"column":4},"end":{"line":20,"column":5}},"5":{"start":{"line":8,"column":31},"end":{"line":8,"column":64}},"6":{"start":{"line":9,"column":22},"end":{"line":9,"column":49}},"7":{"start":{"line":11,"column":8},"end":{"line":11,"column":24}},"8":{"start":{"line":14,"column":8},"end":{"line":14,"column":54}},"9":{"start":{"line":15,"column":8},"end":{"line":19,"column":11}},"10":{"start":{"line":6,"column":13},"end":{"line":6,"column":24}},"11":{"start":{"line":23,"column":27},"end":{"line":42,"column":1}},"12":{"start":{"line":24,"column":24},"end":{"line":24,"column":37}},"13":{"start":{"line":25,"column":4},"end":{"line":41,"column":5}},"14":{"start":{"line":26,"column":31},"end":{"line":26,"column":64}},"15":{"start":{"line":27,"column":21},"end":{"line":31,"column":10}},"16":{"start":{"line":33,"column":8},"end":{"line":33,"column":23}},"17":{"start":{"line":35,"column":8},"end":{"line":35,"column":53}},"18":{"start":{"line":36,"column":8},"end":{"line":40,"column":11}},"19":{"start":{"line":23,"column":13},"end":{"line":23,"column":27}},"20":{"start":{"line":44,"column":29},"end":{"line":77,"column":1}},"21":{"start":{"line":45,"column":27},"end":{"line":45,"column":60}},"22":{"start":{"line":47,"column":57},"end":{"line":47,"column":69}},"23":{"start":{"line":49,"column":8},"end":{"line":51,"column":9}},"24":{"start":{"line":50,"column":12},"end":{"line":50,"column":null}},"25":{"start":{"line":53,"column":27},"end":{"line":53,"column":29}},"26":{"start":{"line":54,"column":29},"end":{"line":54,"column":68}},"27":{"start":{"line":56,"column":8},"end":{"line":58,"column":9}},"28":{"start":{"line":57,"column":12},"end":{"line":57,"column":null}},"29":{"start":{"line":60,"column":30},"end":{"line":64,"column":10}},"30":{"start":{"line":66,"column":8},"end":{"line":68,"column":9}},"31":{"start":{"line":67,"column":12},"end":{"line":67,"column":null}},"32":{"start":{"line":70,"column":21},"end":{"line":70,"column":31}},"33":{"start":{"line":71,"column":8},"end":{"line":71,"column":33}},"34":{"start":{"line":72,"column":8},"end":{"line":72,"column":41}},"35":{"start":{"line":74,"column":26},"end":{"line":74,"column":57}},"36":{"start":{"line":76,"column":8},"end":{"line":76,"column":null}},"37":{"start":{"line":44,"column":13},"end":{"line":44,"column":29}}},"fnMap":{"0":{"name":"(anonymous_1)","decl":{"start":{"line":6,"column":24},"end":{"line":6,"column":29}},"loc":{"start":{"line":6,"column":62},"end":{"line":21,"column":1}}},"1":{"name":"(anonymous_2)","decl":{"start":{"line":23,"column":27},"end":{"line":23,"column":32}},"loc":{"start":{"line":23,"column":65},"end":{"line":42,"column":1}}},"2":{"name":"(anonymous_3)","decl":{"start":{"line":44,"column":29},"end":{"line":44,"column":34}},"loc":{"start":{"line":44,"column":76},"end":{"line":77,"column":1}}}},"branchMap":{"0":{"loc":{"start":{"line":18,"column":21},"end":{"line":18,"column":75}},"type":"cond-expr","locations":[{"start":{"line":18,"column":46},"end":{"line":18,"column":59}},{"start":{"line":18,"column":62},"end":{"line":18,"column":75}}]},"1":{"loc":{"start":{"line":39,"column":21},"end":{"line":39,"column":75}},"type":"cond-expr","locations":[{"start":{"line":39,"column":46},"end":{"line":39,"column":59}},{"start":{"line":39,"column":62},"end":{"line":39,"column":75}}]},"2":{"loc":{"start":{"line":49,"column":8},"end":{"line":51,"column":9}},"type":"if","locations":[{"start":{"line":49,"column":8},"end":{"line":51,"column":9}},{"start":{},"end":{}}]},"3":{"loc":{"start":{"line":56,"column":8},"end":{"line":58,"column":9}},"type":"if","locations":[{"start":{"line":56,"column":8},"end":{"line":58,"column":9}},{"start":{},"end":{}}]},"4":{"loc":{"start":{"line":66,"column":8},"end":{"line":68,"column":9}},"type":"if","locations":[{"start":{"line":66,"column":8},"end":{"line":68,"column":9}},{"start":{},"end":{}}]}},"s":{"0":0,"1":0,"2":0,"3":0,"4":0,"5":0,"6":0,"7":0,"8":0,"9":0,"10":0,"11":0,"12":0,"13":0,"14":0,"15":0,"16":0,"17":0,"18":0,"19":0,"20":0,"21":0,"22":0,"23":0,"24":0,"25":0,"26":0,"27":0,"28":0,"29":0,"30":0,"31":0,"32":0,"33":0,"34":0,"35":0,"36":0,"37":0},"f":{"0":0,"1":0,"2":0},"b":{"0":[0,0],"1":[0,0],"2":[0,0],"3":[0,0],"4":[0,0]}}
,"/Users/mhartlanddykes/Projects/rugby-manager/backend/src/controllers/save/saveController.ts": {"path":"/Users/mhartlanddykes/Projects/rugby-manager/backend/src/controllers/save/saveController.ts","statementMap":{"0":{"start":{"line":2,"column":0},"end":{"line":2,"column":49}},"1":{"start":{"line":3,"column":0},"end":{"line":3,"column":45}},"2":{"start":{"line":4,"column":0},"end":{"line":4,"column":45}},"3":{"start":{"line":5,"column":0},"end":{"line":5,"column":48}},"4":{"start":{"line":6,"column":0},"end":{"line":6,"column":57}},"5":{"start":{"line":7,"column":0},"end":{"line":7,"column":44}},"6":{"start":{"line":8,"column":0},"end":{"line":8,"column":53}},"7":{"start":{"line":9,"column":0},"end":{"line":9,"column":48}},"8":{"start":{"line":10,"column":0},"end":{"line":10,"column":57}},"9":{"start":{"line":12,"column":0},"end":{"line":12,"column":30}},"10":{"start":{"line":15,"column":21},"end":{"line":21,"column":1}},"11":{"start":{"line":16,"column":26},"end":{"line":16,"column":54}},"12":{"start":{"line":17,"column":4},"end":{"line":19,"column":5}},"13":{"start":{"line":18,"column":8},"end":{"line":18,"column":null}},"14":{"start":{"line":20,"column":4},"end":{"line":20,"column":null}},"15":{"start":{"line":23,"column":29},"end":{"line":111,"column":1}},"16":{"start":{"line":26,"column":4},"end":{"line":32,"column":5}},"17":{"start":{"line":27,"column":8},"end":{"line":29,"column":null}},"18":{"start":{"line":31,"column":8},"end":{"line":31,"column":null}},"19":{"start":{"line":34,"column":4},"end":{"line":36,"column":5}},"20":{"start":{"line":35,"column":8},"end":{"line":35,"column":null}},"21":{"start":{"line":38,"column":27},"end":{"line":38,"column":60}},"22":{"start":{"line":39,"column":17},"end":{"line":43,"column":6}},"23":{"start":{"line":45,"column":4},"end":{"line":47,"column":5}},"24":{"start":{"line":46,"column":8},"end":{"line":46,"column":null}},"25":{"start":{"line":49,"column":19},"end":{"line":109,"column":6}},"26":{"start":{"line":50,"column":21},"end":{"line":50,"column":51}},"27":{"start":{"line":51,"column":8},"end":{"line":51,"column":null}},"28":{"start":{"line":53,"column":32},"end":{"line":53,"column":58}},"29":{"start":{"line":54,"column":26},"end":{"line":54,"column":55}},"30":{"start":{"line":56,"column":8},"end":{"line":64,"column":9}},"31":{"start":{"line":57,"column":31},"end":{"line":61,"column":14}},"32":{"start":{"line":62,"column":32},"end":{"line":62,"column":62}},"33":{"start":{"line":63,"column":12},"end":{"line":63,"column":null}},"34":{"start":{"line":66,"column":30},"end":{"line":66,"column":80}},"35":{"start":{"line":67,"column":24},"end":{"line":67,"column":51}},"36":{"start":{"line":69,"column":8},"end":{"line":81,"column":9}},"37":{"start":{"line":70,"column":31},"end":{"line":70,"column":60}},"38":{"start":{"line":71,"column":12},"end":{"line":71,"column":null}},"39":{"start":{"line":71,"column":29},"end":{"line":71,"column":null}},"40":{"start":{"line":73,"column":29},"end":{"line":78,"column":14}},"41":{"start":{"line":79,"column":30},"end":{"line":79,"column":58}},"42":{"start":{"line":80,"column":12},"end":{"line":80,"column":null}},"43":{"start":{"line":83,"column":32},"end":{"line":83,"column":82}},"44":{"start":{"line":85,"column":8},"end":{"line":107,"column":9}},"45":{"start":{"line":86,"column":29},"end":{"line":86,"column":56}},"46":{"start":{"line":87,"column":12},"end":{"line":87,"column":null}},"47":{"start":{"line":87,"column":27},"end":{"line":87,"column":null}},"48":{"start":{"line":89,"column":31},"end":{"line":105,"column":14}},"49":{"start":{"line":106,"column":32},"end":{"line":106,"column":62}},"50":{"start":{"line":108,"column":8},"end":{"line":108,"column":null}},"51":{"start":{"line":110,"column":4},"end":{"line":110,"column":null}},"52":{"start":{"line":23,"column":13},"end":{"line":23,"column":29}},"53":{"start":{"line":113,"column":45},"end":{"line":137,"column":1}},"54":{"start":{"line":114,"column":24},"end":{"line":114,"column":41}},"55":{"start":{"line":116,"column":4},"end":{"line":136,"column":5}},"56":{"start":{"line":117,"column":31},"end":{"line":117,"column":64}},"57":{"start":{"line":118,"column":21},"end":{"line":127,"column":10}},"58":{"start":{"line":128,"column":8},"end":{"line":128,"column":null}},"59":{"start":{"line":130,"column":8},"end":{"line":130,"column":null}},"60":{"start":{"line":131,"column":8},"end":{"line":135,"column":null}},"61":{"start":{"line":113,"column":13},"end":{"line":113,"column":45}}},"fnMap":{"0":{"name":"(anonymous_1)","decl":{"start":{"line":15,"column":21},"end":{"line":15,"column":22}},"loc":{"start":{"line":15,"column":42},"end":{"line":21,"column":1}}},"1":{"name":"(anonymous_2)","decl":{"start":{"line":23,"column":29},"end":{"line":23,"column":34}},"loc":{"start":{"line":23,"column":76},"end":{"line":111,"column":1}}},"2":{"name":"(anonymous_3)","decl":{"start":{"line":49,"column":51},"end":{"line":49,"column":56}},"loc":{"start":{"line":49,"column":69},"end":{"line":109,"column":5}}},"3":{"name":"(anonymous_4)","decl":{"start":{"line":113,"column":45},"end":{"line":113,"column":50}},"loc":{"start":{"line":113,"column":92},"end":{"line":137,"column":1}}}},"branchMap":{"0":{"loc":{"start":{"line":17,"column":4},"end":{"line":19,"column":5}},"type":"if","locations":[{"start":{"line":17,"column":4},"end":{"line":19,"column":5}},{"start":{},"end":{}}]},"1":{"loc":{"start":{"line":17,"column":8},"end":{"line":17,"column":60}},"type":"binary-expr","locations":[{"start":{"line":17,"column":8},"end":{"line":17,"column":21}},{"start":{"line":17,"column":25},"end":{"line":17,"column":60}}]},"2":{"loc":{"start":{"line":28,"column":12},"end":{"line":28,"column":39}},"type":"binary-expr","locations":[{"start":{"line":28,"column":12},"end":{"line":28,"column":33}},{"start":{"line":28,"column":37},"end":{"line":28,"column":39}}]},"3":{"loc":{"start":{"line":28,"column":41},"end":{"line":28,"column":65}},"type":"binary-expr","locations":[{"start":{"line":28,"column":41},"end":{"line":28,"column":59}},{"start":{"line":28,"column":63},"end":{"line":28,"column":65}}]},"4":{"loc":{"start":{"line":34,"column":4},"end":{"line":36,"column":5}},"type":"if","locations":[{"start":{"line":34,"column":4},"end":{"line":36,"column":5}},{"start":{},"end":{}}]},"5":{"loc":{"start":{"line":45,"column":4},"end":{"line":47,"column":5}},"type":"if","locations":[{"start":{"line":45,"column":4},"end":{"line":47,"column":5}},{"start":{},"end":{}}]},"6":{"loc":{"start":{"line":71,"column":12},"end":{"line":71,"column":null}},"type":"if","locations":[{"start":{"line":71,"column":12},"end":{"line":71,"column":null}},{"start":{},"end":{}}]},"7":{"loc":{"start":{"line":87,"column":12},"end":{"line":87,"column":null}},"type":"if","locations":[{"start":{"line":87,"column":12},"end":{"line":87,"column":null}},{"start":{},"end":{}}]},"8":{"loc":{"start":{"line":134,"column":21},"end":{"line":134,"column":75}},"type":"cond-expr","locations":[{"start":{"line":134,"column":46},"end":{"line":134,"column":59}},{"start":{"line":134,"column":62},"end":{"line":134,"column":75}}]}},"s":{"0":0,"1":0,"2":0,"3":0,"4":0,"5":0,"6":0,"7":0,"8":0,"9":0,"10":0,"11":0,"12":0,"13":0,"14":0,"15":0,"16":0,"17":0,"18":0,"19":0,"20":0,"21":0,"22":0,"23":0,"24":0,"25":0,"26":0,"27":0,"28":0,"29":0,"30":0,"31":0,"32":0,"33":0,"34":0,"35":0,"36":0,"37":0,"38":0,"39":0,"40":0,"41":0,"42":0,"43":0,"44":0,"45":0,"46":0,"47":0,"48":0,"49":0,"50":0,"51":0,"52":0,"53":0,"54":0,"55":0,"56":0,"57":0,"58":0,"59":0,"60":0,"61":0},"f":{"0":0,"1":0,"2":0,"3":0},"b":{"0":[0,0],"1":[0,0],"2":[0,0],"3":[0,0],"4":[0,0],"5":[0,0],"6":[0,0],"7":[0,0],"8":[0,0]}}
,"/Users/mhartlanddykes/Projects/rugby-manager/backend/src/models/api/League.ts": {"path":"/Users/mhartlanddykes/Projects/rugby-manager/backend/src/models/api/League.ts","statementMap":{"0":{"start":{"line":1,"column":0},"end":{"line":1,"column":98}},"1":{"start":{"line":2,"column":0},"end":{"line":2,"column":29}},"2":{"start":{"line":5,"column":7},"end":{"line":14,"column":null}},"3":{"start":{"line":7,"column":17},"end":{"line":7,"column":19}},"4":{"start":{"line":10,"column":19},"end":{"line":10,"column":21}},"5":{"start":{"line":5,"column":13},"end":{"line":5,"column":19}},"6":{"start":{"line":7,"column":4},"end":{"line":7,"column":null}},"7":{"start":{"line":10,"column":4},"end":{"line":10,"column":null}},"8":{"start":{"line":13,"column":4},"end":{"line":13,"column":null}},"9":{"start":{"line":12,"column":21},"end":{"line":12,"column":25}},"10":{"start":{"line":12,"column":37},"end":{"line":12,"column":48}},"11":{"start":{"line":5,"column":13},"end":{"line":14,"column":null}}},"fnMap":{"0":{"name":"(anonymous_2)","decl":{"start":{"line":12,"column":15},"end":{"line":12,"column":18}},"loc":{"start":{"line":12,"column":21},"end":{"line":12,"column":25}}},"1":{"name":"(anonymous_3)","decl":{"start":{"line":12,"column":27},"end":{"line":12,"column":28}},"loc":{"start":{"line":12,"column":37},"end":{"line":12,"column":48}}}},"branchMap":{},"s":{"0":1,"1":1,"2":1,"3":0,"4":0,"5":1,"6":1,"7":1,"8":1,"9":0,"10":0,"11":1},"f":{"0":0,"1":0},"b":{}}
,"/Users/mhartlanddykes/Projects/rugby-manager/backend/src/models/api/Player.ts": {"path":"/Users/mhartlanddykes/Projects/rugby-manager/backend/src/models/api/Player.ts","statementMap":{"0":{"start":{"line":1,"column":0},"end":{"line":1,"column":87}},"1":{"start":{"line":2,"column":0},"end":{"line":2,"column":29}},"2":{"start":{"line":5,"column":7},"end":{"line":49,"column":null}},"3":{"start":{"line":7,"column":17},"end":{"line":7,"column":19}},"4":{"start":{"line":10,"column":19},"end":{"line":10,"column":21}},"5":{"start":{"line":13,"column":23},"end":{"line":13,"column":25}},"6":{"start":{"line":16,"column":18},"end":{"line":16,"column":20}},"7":{"start":{"line":19,"column":21},"end":{"line":19,"column":23}},"8":{"start":{"line":22,"column":21},"end":{"line":22,"column":23}},"9":{"start":{"line":25,"column":23},"end":{"line":25,"column":25}},"10":{"start":{"line":28,"column":24},"end":{"line":28,"column":25}},"11":{"start":{"line":31,"column":23},"end":{"line":31,"column":24}},"12":{"start":{"line":34,"column":20},"end":{"line":34,"column":21}},"13":{"start":{"line":37,"column":22},"end":{"line":37,"column":23}},"14":{"start":{"line":40,"column":22},"end":{"line":40,"column":23}},"15":{"start":{"line":43,"column":23},"end":{"line":43,"column":24}},"16":{"start":{"line":5,"column":13},"end":{"line":5,"column":19}},"17":{"start":{"line":7,"column":4},"end":{"line":7,"column":null}},"18":{"start":{"line":10,"column":4},"end":{"line":10,"column":null}},"19":{"start":{"line":13,"column":4},"end":{"line":13,"column":null}},"20":{"start":{"line":16,"column":4},"end":{"line":16,"column":null}},"21":{"start":{"line":19,"column":4},"end":{"line":19,"column":null}},"22":{"start":{"line":22,"column":4},"end":{"line":22,"column":null}},"23":{"start":{"line":25,"column":4},"end":{"line":25,"column":null}},"24":{"start":{"line":28,"column":4},"end":{"line":28,"column":null}},"25":{"start":{"line":31,"column":4},"end":{"line":31,"column":null}},"26":{"start":{"line":34,"column":4},"end":{"line":34,"column":null}},"27":{"start":{"line":37,"column":4},"end":{"line":37,"column":null}},"28":{"start":{"line":40,"column":4},"end":{"line":40,"column":null}},"29":{"start":{"line":43,"column":4},"end":{"line":43,"column":null}},"30":{"start":{"line":48,"column":4},"end":{"line":48,"column":null}},"31":{"start":{"line":46,"column":21},"end":{"line":46,"column":25}},"32":{"start":{"line":46,"column":37},"end":{"line":46,"column":49}},"33":{"start":{"line":5,"column":13},"end":{"line":49,"column":null}}},"fnMap":{"0":{"name":"(anonymous_2)","decl":{"start":{"line":46,"column":15},"end":{"line":46,"column":18}},"loc":{"start":{"line":46,"column":21},"end":{"line":46,"column":25}}},"1":{"name":"(anonymous_3)","decl":{"start":{"line":46,"column":27},"end":{"line":46,"column":28}},"loc":{"start":{"line":46,"column":37},"end":{"line":46,"column":49}}}},"branchMap":{"0":{"loc":{"start":{"line":48,"column":11},"end":{"line":48,"column":null}},"type":"cond-expr","locations":[{"start":{"line":48,"column":15},"end":{"line":48,"column":null}},{"start":{"line":48,"column":15},"end":{"line":48,"column":null}}]},"1":{"loc":{"start":{"line":48,"column":11},"end":{"line":48,"column":15}},"type":"binary-expr","locations":[{"start":{"line":48,"column":11},"end":{"line":48,"column":null}},{"start":{"line":48,"column":11},"end":{"line":48,"column":15}}]}},"s":{"0":1,"1":1,"2":1,"3":0,"4":0,"5":0,"6":0,"7":0,"8":0,"9":0,"10":0,"11":0,"12":0,"13":0,"14":0,"15":0,"16":1,"17":1,"18":1,"19":1,"20":1,"21":1,"22":1,"23":1,"24":1,"25":1,"26":1,"27":1,"28":1,"29":1,"30":1,"31":0,"32":0,"33":1},"f":{"0":0,"1":0},"b":{"0":[0,1],"1":[1,0]}}
,"/Users/mhartlanddykes/Projects/rugby-manager/backend/src/models/api/Team.ts": {"path":"/Users/mhartlanddykes/Projects/rugby-manager/backend/src/models/api/Team.ts","statementMap":{"0":{"start":{"line":1,"column":0},"end":{"line":1,"column":98}},"1":{"start":{"line":2,"column":0},"end":{"line":2,"column":33}},"2":{"start":{"line":3,"column":0},"end":{"line":3,"column":33}},"3":{"start":{"line":6,"column":7},"end":{"line":20,"column":null}},"4":{"start":{"line":8,"column":17},"end":{"line":8,"column":19}},"5":{"start":{"line":11,"column":19},"end":{"line":11,"column":21}},"6":{"start":{"line":6,"column":13},"end":{"line":6,"column":17}},"7":{"start":{"line":8,"column":4},"end":{"line":8,"column":null}},"8":{"start":{"line":11,"column":4},"end":{"line":11,"column":null}},"9":{"start":{"line":16,"column":4},"end":{"line":16,"column":null}},"10":{"start":{"line":14,"column":21},"end":{"line":14,"column":27}},"11":{"start":{"line":14,"column":41},"end":{"line":14,"column":53}},"12":{"start":{"line":19,"column":4},"end":{"line":19,"column":null}},"13":{"start":{"line":18,"column":21},"end":{"line":18,"column":27}},"14":{"start":{"line":18,"column":41},"end":{"line":18,"column":52}},"15":{"start":{"line":6,"column":13},"end":{"line":20,"column":null}}},"fnMap":{"0":{"name":"(anonymous_2)","decl":{"start":{"line":14,"column":15},"end":{"line":14,"column":18}},"loc":{"start":{"line":14,"column":21},"end":{"line":14,"column":27}}},"1":{"name":"(anonymous_3)","decl":{"start":{"line":14,"column":29},"end":{"line":14,"column":30}},"loc":{"start":{"line":14,"column":41},"end":{"line":14,"column":53}}},"2":{"name":"(anonymous_4)","decl":{"start":{"line":18,"column":15},"end":{"line":18,"column":18}},"loc":{"start":{"line":18,"column":21},"end":{"line":18,"column":27}}},"3":{"name":"(anonymous_5)","decl":{"start":{"line":18,"column":29},"end":{"line":18,"column":30}},"loc":{"start":{"line":18,"column":41},"end":{"line":18,"column":52}}}},"branchMap":{"0":{"loc":{"start":{"line":16,"column":13},"end":{"line":16,"column":null}},"type":"cond-expr","locations":[{"start":{"line":16,"column":19},"end":{"line":16,"column":null}},{"start":{"line":16,"column":19},"end":{"line":16,"column":null}}]},"1":{"loc":{"start":{"line":16,"column":13},"end":{"line":16,"column":19}},"type":"binary-expr","locations":[{"start":{"line":16,"column":13},"end":{"line":16,"column":null}},{"start":{"line":16,"column":13},"end":{"line":16,"column":19}}]}},"s":{"0":1,"1":1,"2":1,"3":1,"4":0,"5":0,"6":1,"7":1,"8":1,"9":1,"10":0,"11":0,"12":1,"13":0,"14":0,"15":1},"f":{"0":0,"1":0,"2":0,"3":0},"b":{"0":[0,1],"1":[1,0]}}
,"/Users/mhartlanddykes/Projects/rugby-manager/backend/src/models/auth/User.ts": {"path":"/Users/mhartlanddykes/Projects/rugby-manager/backend/src/models/auth/User.ts","statementMap":{"0":{"start":{"line":1,"column":0},"end":{"line":1,"column":75}},"1":{"start":{"line":2,"column":0},"end":{"line":2,"column":35}},"2":{"start":{"line":6,"column":7},"end":{"line":18,"column":null}},"3":{"start":{"line":8,"column":17},"end":{"line":8,"column":19}},"4":{"start":{"line":11,"column":23},"end":{"line":11,"column":25}},"5":{"start":{"line":14,"column":27},"end":{"line":14,"column":29}},"6":{"start":{"line":6,"column":13},"end":{"line":6,"column":17}},"7":{"start":{"line":8,"column":4},"end":{"line":8,"column":null}},"8":{"start":{"line":11,"column":4},"end":{"line":11,"column":null}},"9":{"start":{"line":14,"column":4},"end":{"line":14,"column":null}},"10":{"start":{"line":17,"column":4},"end":{"line":17,"column":null}},"11":{"start":{"line":16,"column":21},"end":{"line":16,"column":25}},"12":{"start":{"line":16,"column":37},"end":{"line":16,"column":46}},"13":{"start":{"line":6,"column":13},"end":{"line":18,"column":null}}},"fnMap":{"0":{"name":"(anonymous_2)","decl":{"start":{"line":16,"column":15},"end":{"line":16,"column":18}},"loc":{"start":{"line":16,"column":21},"end":{"line":16,"column":25}}},"1":{"name":"(anonymous_3)","decl":{"start":{"line":16,"column":27},"end":{"line":16,"column":28}},"loc":{"start":{"line":16,"column":37},"end":{"line":16,"column":46}}}},"branchMap":{},"s":{"0":0,"1":0,"2":0,"3":0,"4":0,"5":0,"6":0,"7":0,"8":0,"9":0,"10":0,"11":0,"12":0,"13":0},"f":{"0":0,"1":0},"b":{}}
,"/Users/mhartlanddykes/Projects/rugby-manager/backend/src/models/save/Save.ts": {"path":"/Users/mhartlanddykes/Projects/rugby-manager/backend/src/models/save/Save.ts","statementMap":{"0":{"start":{"line":1,"column":0},"end":{"line":1,"column":90}},"1":{"start":{"line":2,"column":0},"end":{"line":2,"column":35}},"2":{"start":{"line":3,"column":0},"end":{"line":3,"column":48}},"3":{"start":{"line":4,"column":0},"end":{"line":4,"column":44}},"4":{"start":{"line":5,"column":0},"end":{"line":5,"column":48}},"5":{"start":{"line":8,"column":7},"end":{"line":24,"column":null}},"6":{"start":{"line":10,"column":17},"end":{"line":10,"column":19}},"7":{"start":{"line":8,"column":13},"end":{"line":8,"column":17}},"8":{"start":{"line":10,"column":4},"end":{"line":10,"column":null}},"9":{"start":{"line":14,"column":4},"end":{"line":14,"column":null}},"10":{"start":{"line":12,"column":21},"end":{"line":12,"column":25}},"11":{"start":{"line":12,"column":37},"end":{"line":12,"column":47}},"12":{"start":{"line":17,"column":4},"end":{"line":17,"column":null}},"13":{"start":{"line":16,"column":21},"end":{"line":16,"column":31}},"14":{"start":{"line":16,"column":50},"end":{"line":16,"column":66}},"15":{"start":{"line":20,"column":4},"end":{"line":20,"column":null}},"16":{"start":{"line":19,"column":21},"end":{"line":19,"column":29}},"17":{"start":{"line":19,"column":46},"end":{"line":19,"column":60}},"18":{"start":{"line":23,"column":4},"end":{"line":23,"column":null}},"19":{"start":{"line":22,"column":21},"end":{"line":22,"column":31}},"20":{"start":{"line":22,"column":50},"end":{"line":22,"column":66}},"21":{"start":{"line":8,"column":13},"end":{"line":24,"column":null}}},"fnMap":{"0":{"name":"(anonymous_2)","decl":{"start":{"line":12,"column":15},"end":{"line":12,"column":18}},"loc":{"start":{"line":12,"column":21},"end":{"line":12,"column":25}}},"1":{"name":"(anonymous_3)","decl":{"start":{"line":12,"column":27},"end":{"line":12,"column":28}},"loc":{"start":{"line":12,"column":37},"end":{"line":12,"column":47}}},"2":{"name":"(anonymous_4)","decl":{"start":{"line":16,"column":15},"end":{"line":16,"column":18}},"loc":{"start":{"line":16,"column":21},"end":{"line":16,"column":31}}},"3":{"name":"(anonymous_5)","decl":{"start":{"line":16,"column":33},"end":{"line":16,"column":34}},"loc":{"start":{"line":16,"column":50},"end":{"line":16,"column":66}}},"4":{"name":"(anonymous_6)","decl":{"start":{"line":19,"column":15},"end":{"line":19,"column":18}},"loc":{"start":{"line":19,"column":21},"end":{"line":19,"column":29}}},"5":{"name":"(anonymous_7)","decl":{"start":{"line":19,"column":31},"end":{"line":19,"column":32}},"loc":{"start":{"line":19,"column":46},"end":{"line":19,"column":60}}},"6":{"name":"(anonymous_8)","decl":{"start":{"line":22,"column":15},"end":{"line":22,"column":18}},"loc":{"start":{"line":22,"column":21},"end":{"line":22,"column":31}}},"7":{"name":"(anonymous_9)","decl":{"start":{"line":22,"column":33},"end":{"line":22,"column":34}},"loc":{"start":{"line":22,"column":50},"end":{"line":22,"column":66}}}},"branchMap":{"0":{"loc":{"start":{"line":14,"column":11},"end":{"line":14,"column":null}},"type":"cond-expr","locations":[{"start":{"line":14,"column":15},"end":{"line":14,"column":null}},{"start":{"line":14,"column":15},"end":{"line":14,"column":null}}]},"1":{"loc":{"start":{"line":14,"column":11},"end":{"line":14,"column":15}},"type":"binary-expr","locations":[{"start":{"line":14,"column":11},"end":{"line":14,"column":null}},{"start":{"line":14,"column":11},"end":{"line":14,"column":15}}]}},"s":{"0":0,"1":0,"2":0,"3":0,"4":0,"5":0,"6":0,"7":0,"8":0,"9":0,"10":0,"11":0,"12":0,"13":0,"14":0,"15":0,"16":0,"17":0,"18":0,"19":0,"20":0,"21":0},"f":{"0":0,"1":0,"2":0,"3":0,"4":0,"5":0,"6":0,"7":0},"b":{"0":[0,0],"1":[0,0]}}
,"/Users/mhartlanddykes/Projects/rugby-manager/backend/src/models/save/SaveLeague.ts": {"path":"/Users/mhartlanddykes/Projects/rugby-manager/backend/src/models/save/SaveLeague.ts","statementMap":{"0":{"start":{"line":1,"column":0},"end":{"line":1,"column":98}},"1":{"start":{"line":2,"column":0},"end":{"line":2,"column":37}},"2":{"start":{"line":3,"column":0},"end":{"line":3,"column":29}},"3":{"start":{"line":6,"column":7},"end":{"line":22,"column":null}},"4":{"start":{"line":8,"column":15},"end":{"line":8,"column":17}},"5":{"start":{"line":11,"column":23},"end":{"line":11,"column":25}},"6":{"start":{"line":14,"column":17},"end":{"line":14,"column":19}},"7":{"start":{"line":6,"column":13},"end":{"line":6,"column":23}},"8":{"start":{"line":8,"column":2},"end":{"line":8,"column":null}},"9":{"start":{"line":11,"column":2},"end":{"line":11,"column":null}},"10":{"start":{"line":14,"column":2},"end":{"line":14,"column":null}},"11":{"start":{"line":17,"column":2},"end":{"line":17,"column":null}},"12":{"start":{"line":16,"column":19},"end":{"line":16,"column":27}},"13":{"start":{"line":16,"column":44},"end":{"line":16,"column":60}},"14":{"start":{"line":21,"column":2},"end":{"line":21,"column":null}},"15":{"start":{"line":19,"column":19},"end":{"line":19,"column":23}},"16":{"start":{"line":19,"column":35},"end":{"line":19,"column":47}},"17":{"start":{"line":6,"column":13},"end":{"line":22,"column":null}}},"fnMap":{"0":{"name":"(anonymous_2)","decl":{"start":{"line":16,"column":13},"end":{"line":16,"column":16}},"loc":{"start":{"line":16,"column":19},"end":{"line":16,"column":27}}},"1":{"name":"(anonymous_3)","decl":{"start":{"line":16,"column":29},"end":{"line":16,"column":30}},"loc":{"start":{"line":16,"column":44},"end":{"line":16,"column":60}}},"2":{"name":"(anonymous_4)","decl":{"start":{"line":19,"column":13},"end":{"line":19,"column":16}},"loc":{"start":{"line":19,"column":19},"end":{"line":19,"column":23}}},"3":{"name":"(anonymous_5)","decl":{"start":{"line":19,"column":25},"end":{"line":19,"column":26}},"loc":{"start":{"line":19,"column":35},"end":{"line":19,"column":47}}}},"branchMap":{"0":{"loc":{"start":{"line":21,"column":9},"end":{"line":21,"column":null}},"type":"cond-expr","locations":[{"start":{"line":21,"column":13},"end":{"line":21,"column":null}},{"start":{"line":21,"column":13},"end":{"line":21,"column":null}}]},"1":{"loc":{"start":{"line":21,"column":9},"end":{"line":21,"column":13}},"type":"binary-expr","locations":[{"start":{"line":21,"column":9},"end":{"line":21,"column":null}},{"start":{"line":21,"column":9},"end":{"line":21,"column":13}}]}},"s":{"0":0,"1":0,"2":0,"3":0,"4":0,"5":0,"6":0,"7":0,"8":0,"9":0,"10":0,"11":0,"12":0,"13":0,"14":0,"15":0,"16":0,"17":0},"f":{"0":0,"1":0,"2":0,"3":0},"b":{"0":[0,0],"1":[0,0]}}
,"/Users/mhartlanddykes/Projects/rugby-manager/backend/src/models/save/SavePlayer.ts": {"path":"/Users/mhartlanddykes/Projects/rugby-manager/backend/src/models/save/SavePlayer.ts","statementMap":{"0":{"start":{"line":1,"column":0},"end":{"line":1,"column":87}},"1":{"start":{"line":2,"column":0},"end":{"line":2,"column":37}},"2":{"start":{"line":3,"column":0},"end":{"line":3,"column":29}},"3":{"start":{"line":6,"column":7},"end":{"line":57,"column":null}},"4":{"start":{"line":8,"column":17},"end":{"line":8,"column":19}},"5":{"start":{"line":11,"column":25},"end":{"line":11,"column":27}},"6":{"start":{"line":14,"column":19},"end":{"line":14,"column":21}},"7":{"start":{"line":17,"column":23},"end":{"line":17,"column":25}},"8":{"start":{"line":20,"column":18},"end":{"line":20,"column":20}},"9":{"start":{"line":23,"column":21},"end":{"line":23,"column":23}},"10":{"start":{"line":26,"column":21},"end":{"line":26,"column":23}},"11":{"start":{"line":29,"column":23},"end":{"line":29,"column":25}},"12":{"start":{"line":32,"column":24},"end":{"line":32,"column":25}},"13":{"start":{"line":35,"column":23},"end":{"line":35,"column":24}},"14":{"start":{"line":38,"column":20},"end":{"line":38,"column":21}},"15":{"start":{"line":41,"column":22},"end":{"line":41,"column":23}},"16":{"start":{"line":44,"column":22},"end":{"line":44,"column":23}},"17":{"start":{"line":47,"column":23},"end":{"line":47,"column":24}},"18":{"start":{"line":6,"column":13},"end":{"line":6,"column":23}},"19":{"start":{"line":8,"column":4},"end":{"line":8,"column":null}},"20":{"start":{"line":11,"column":4},"end":{"line":11,"column":null}},"21":{"start":{"line":14,"column":4},"end":{"line":14,"column":null}},"22":{"start":{"line":17,"column":4},"end":{"line":17,"column":null}},"23":{"start":{"line":20,"column":4},"end":{"line":20,"column":null}},"24":{"start":{"line":23,"column":4},"end":{"line":23,"column":null}},"25":{"start":{"line":26,"column":4},"end":{"line":26,"column":null}},"26":{"start":{"line":29,"column":4},"end":{"line":29,"column":null}},"27":{"start":{"line":32,"column":4},"end":{"line":32,"column":null}},"28":{"start":{"line":35,"column":4},"end":{"line":35,"column":null}},"29":{"start":{"line":38,"column":4},"end":{"line":38,"column":null}},"30":{"start":{"line":41,"column":4},"end":{"line":41,"column":null}},"31":{"start":{"line":44,"column":4},"end":{"line":44,"column":null}},"32":{"start":{"line":47,"column":4},"end":{"line":47,"column":null}},"33":{"start":{"line":52,"column":4},"end":{"line":52,"column":null}},"34":{"start":{"line":50,"column":21},"end":{"line":50,"column":29}},"35":{"start":{"line":50,"column":41},"end":{"line":50,"column":53}},"36":{"start":{"line":56,"column":4},"end":{"line":56,"column":null}},"37":{"start":{"line":54,"column":21},"end":{"line":54,"column":25}},"38":{"start":{"line":54,"column":37},"end":{"line":54,"column":49}},"39":{"start":{"line":6,"column":13},"end":{"line":57,"column":null}}},"fnMap":{"0":{"name":"(anonymous_2)","decl":{"start":{"line":50,"column":15},"end":{"line":50,"column":18}},"loc":{"start":{"line":50,"column":21},"end":{"line":50,"column":29}}},"1":{"name":"(anonymous_3)","decl":{"start":{"line":50,"column":31},"end":{"line":50,"column":32}},"loc":{"start":{"line":50,"column":41},"end":{"line":50,"column":53}}},"2":{"name":"(anonymous_4)","decl":{"start":{"line":54,"column":15},"end":{"line":54,"column":18}},"loc":{"start":{"line":54,"column":21},"end":{"line":54,"column":25}}},"3":{"name":"(anonymous_5)","decl":{"start":{"line":54,"column":27},"end":{"line":54,"column":28}},"loc":{"start":{"line":54,"column":37},"end":{"line":54,"column":49}}}},"branchMap":{"0":{"loc":{"start":{"line":52,"column":11},"end":{"line":52,"column":null}},"type":"cond-expr","locations":[{"start":{"line":52,"column":19},"end":{"line":52,"column":null}},{"start":{"line":52,"column":19},"end":{"line":52,"column":null}}]},"1":{"loc":{"start":{"line":52,"column":11},"end":{"line":52,"column":19}},"type":"binary-expr","locations":[{"start":{"line":52,"column":11},"end":{"line":52,"column":null}},{"start":{"line":52,"column":11},"end":{"line":52,"column":19}}]},"2":{"loc":{"start":{"line":56,"column":11},"end":{"line":56,"column":null}},"type":"cond-expr","locations":[{"start":{"line":56,"column":15},"end":{"line":56,"column":null}},{"start":{"line":56,"column":15},"end":{"line":56,"column":null}}]},"3":{"loc":{"start":{"line":56,"column":11},"end":{"line":56,"column":15}},"type":"binary-expr","locations":[{"start":{"line":56,"column":11},"end":{"line":56,"column":null}},{"start":{"line":56,"column":11},"end":{"line":56,"column":15}}]}},"s":{"0":0,"1":0,"2":0,"3":0,"4":0,"5":0,"6":0,"7":0,"8":0,"9":0,"10":0,"11":0,"12":0,"13":0,"14":0,"15":0,"16":0,"17":0,"18":0,"19":0,"20":0,"21":0,"22":0,"23":0,"24":0,"25":0,"26":0,"27":0,"28":0,"29":0,"30":0,"31":0,"32":0,"33":0,"34":0,"35":0,"36":0,"37":0,"38":0,"39":0},"f":{"0":0,"1":0,"2":0,"3":0},"b":{"0":[0,0],"1":[0,0],"2":[0,0],"3":[0,0]}}
,"/Users/mhartlanddykes/Projects/rugby-manager/backend/src/models/save/SaveTeam.ts": {"path":"/Users/mhartlanddykes/Projects/rugby-manager/backend/src/models/save/SaveTeam.ts","statementMap":{"0":{"start":{"line":1,"column":0},"end":{"line":1,"column":98}},"1":{"start":{"line":2,"column":0},"end":{"line":2,"column":41}},"2":{"start":{"line":3,"column":0},"end":{"line":3,"column":41}},"3":{"start":{"line":4,"column":0},"end":{"line":4,"column":29}},"4":{"start":{"line":7,"column":7},"end":{"line":28,"column":null}},"5":{"start":{"line":9,"column":17},"end":{"line":9,"column":19}},"6":{"start":{"line":12,"column":25},"end":{"line":12,"column":27}},"7":{"start":{"line":15,"column":19},"end":{"line":15,"column":21}},"8":{"start":{"line":7,"column":13},"end":{"line":7,"column":21}},"9":{"start":{"line":9,"column":4},"end":{"line":9,"column":null}},"10":{"start":{"line":12,"column":4},"end":{"line":12,"column":null}},"11":{"start":{"line":15,"column":4},"end":{"line":15,"column":null}},"12":{"start":{"line":20,"column":4},"end":{"line":20,"column":null}},"13":{"start":{"line":18,"column":21},"end":{"line":18,"column":31}},"14":{"start":{"line":18,"column":45},"end":{"line":18,"column":57}},"15":{"start":{"line":23,"column":4},"end":{"line":23,"column":null}},"16":{"start":{"line":22,"column":21},"end":{"line":22,"column":31}},"17":{"start":{"line":22,"column":45},"end":{"line":22,"column":56}},"18":{"start":{"line":27,"column":4},"end":{"line":27,"column":null}},"19":{"start":{"line":25,"column":21},"end":{"line":25,"column":25}},"20":{"start":{"line":25,"column":37},"end":{"line":25,"column":47}},"21":{"start":{"line":7,"column":13},"end":{"line":28,"column":null}}},"fnMap":{"0":{"name":"(anonymous_2)","decl":{"start":{"line":18,"column":15},"end":{"line":18,"column":18}},"loc":{"start":{"line":18,"column":21},"end":{"line":18,"column":31}}},"1":{"name":"(anonymous_3)","decl":{"start":{"line":18,"column":33},"end":{"line":18,"column":34}},"loc":{"start":{"line":18,"column":45},"end":{"line":18,"column":57}}},"2":{"name":"(anonymous_4)","decl":{"start":{"line":22,"column":15},"end":{"line":22,"column":18}},"loc":{"start":{"line":22,"column":21},"end":{"line":22,"column":31}}},"3":{"name":"(anonymous_5)","decl":{"start":{"line":22,"column":33},"end":{"line":22,"column":34}},"loc":{"start":{"line":22,"column":45},"end":{"line":22,"column":56}}},"4":{"name":"(anonymous_6)","decl":{"start":{"line":25,"column":15},"end":{"line":25,"column":18}},"loc":{"start":{"line":25,"column":21},"end":{"line":25,"column":25}}},"5":{"name":"(anonymous_7)","decl":{"start":{"line":25,"column":27},"end":{"line":25,"column":28}},"loc":{"start":{"line":25,"column":37},"end":{"line":25,"column":47}}}},"branchMap":{"0":{"loc":{"start":{"line":20,"column":13},"end":{"line":20,"column":null}},"type":"cond-expr","locations":[{"start":{"line":20,"column":23},"end":{"line":20,"column":null}},{"start":{"line":20,"column":23},"end":{"line":20,"column":null}}]},"1":{"loc":{"start":{"line":20,"column":13},"end":{"line":20,"column":23}},"type":"binary-expr","locations":[{"start":{"line":20,"column":13},"end":{"line":20,"column":null}},{"start":{"line":20,"column":13},"end":{"line":20,"column":23}}]},"2":{"loc":{"start":{"line":27,"column":11},"end":{"line":27,"column":null}},"type":"cond-expr","locations":[{"start":{"line":27,"column":15},"end":{"line":27,"column":null}},{"start":{"line":27,"column":15},"end":{"line":27,"column":null}}]},"3":{"loc":{"start":{"line":27,"column":11},"end":{"line":27,"column":15}},"type":"binary-expr","locations":[{"start":{"line":27,"column":11},"end":{"line":27,"column":null}},{"start":{"line":27,"column":11},"end":{"line":27,"column":15}}]}},"s":{"0":0,"1":0,"2":0,"3":0,"4":0,"5":0,"6":0,"7":0,"8":0,"9":0,"10":0,"11":0,"12":0,"13":0,"14":0,"15":0,"16":0,"17":0,"18":0,"19":0,"20":0,"21":0},"f":{"0":0,"1":0,"2":0,"3":0,"4":0,"5":0},"b":{"0":[0,0],"1":[0,0],"2":[0,0],"3":[0,0]}}
,"/Users/mhartlanddykes/Projects/rugby-manager/backend/src/routes/index.ts": {"path":"/Users/mhartlanddykes/Projects/rugby-manager/backend/src/routes/index.ts","statementMap":{"0":{"start":{"line":1,"column":0},"end":{"line":1,"column":33}},"1":{"start":{"line":2,"column":0},"end":{"line":2,"column":46}},"2":{"start":{"line":3,"column":0},"end":{"line":3,"column":42}},"3":{"start":{"line":4,"column":0},"end":{"line":4,"column":46}},"4":{"start":{"line":5,"column":0},"end":{"line":5,"column":42}},"5":{"start":{"line":6,"column":0},"end":{"line":6,"column":43}},"6":{"start":{"line":7,"column":0},"end":{"line":7,"column":45}},"7":{"start":{"line":9,"column":15},"end":{"line":9,"column":23}},"8":{"start":{"line":11,"column":0},"end":{"line":11,"column":33}},"9":{"start":{"line":12,"column":0},"end":{"line":12,"column":31}},"10":{"start":{"line":13,"column":0},"end":{"line":13,"column":33}},"11":{"start":{"line":15,"column":0},"end":{"line":15,"column":32}},"12":{"start":{"line":17,"column":0},"end":{"line":17,"column":32}},"13":{"start":{"line":18,"column":0},"end":{"line":18,"column":null}},"14":{"start":{"line":20,"column":0},"end":{"line":22,"column":3}},"15":{"start":{"line":21,"column":4},"end":{"line":21,"column":28}},"16":{"start":{"line":24,"column":0},"end":{"line":24,"column":22}}},"fnMap":{"0":{"name":"(anonymous_1)","decl":{"start":{"line":20,"column":16},"end":{"line":20,"column":17}},"loc":{"start":{"line":20,"column":29},"end":{"line":22,"column":1}}}},"branchMap":{},"s":{"0":0,"1":0,"2":0,"3":0,"4":0,"5":0,"6":0,"7":0,"8":0,"9":0,"10":0,"11":0,"12":0,"13":0,"14":0,"15":0,"16":0},"f":{"0":0},"b":{}}
,"/Users/mhartlanddykes/Projects/rugby-manager/backend/src/routes/api/leagueRoutes.ts": {"path":"/Users/mhartlanddykes/Projects/rugby-manager/backend/src/routes/api/leagueRoutes.ts","statementMap":{"0":{"start":{"line":1,"column":0},"end":{"line":1,"column":33}},"1":{"start":{"line":2,"column":0},"end":{"line":2,"column":82}},"2":{"start":{"line":4,"column":15},"end":{"line":4,"column":23}},"3":{"start":{"line":6,"column":0},"end":{"line":8,"column":3}},"4":{"start":{"line":7,"column":4},"end":{"line":7,"column":25}},"5":{"start":{"line":10,"column":0},"end":{"line":12,"column":3}},"6":{"start":{"line":11,"column":4},"end":{"line":11,"column":null}},"7":{"start":{"line":14,"column":0},"end":{"line":14,"column":22}}},"fnMap":{"0":{"name":"(anonymous_0)","decl":{"start":{"line":6,"column":23},"end":{"line":6,"column":28}},"loc":{"start":{"line":6,"column":42},"end":{"line":8,"column":1}}},"1":{"name":"(anonymous_1)","decl":{"start":{"line":10,"column":27},"end":{"line":10,"column":32}},"loc":{"start":{"line":10,"column":52},"end":{"line":12,"column":1}}}},"branchMap":{},"s":{"0":0,"1":0,"2":0,"3":0,"4":0,"5":0,"6":0,"7":0},"f":{"0":0,"1":0},"b":{}}
,"/Users/mhartlanddykes/Projects/rugby-manager/backend/src/routes/api/playerRoutes.ts": {"path":"/Users/mhartlanddykes/Projects/rugby-manager/backend/src/routes/api/playerRoutes.ts","statementMap":{"0":{"start":{"line":1,"column":0},"end":{"line":1,"column":33}},"1":{"start":{"line":2,"column":0},"end":{"line":2,"column":83}},"2":{"start":{"line":4,"column":15},"end":{"line":4,"column":23}},"3":{"start":{"line":6,"column":0},"end":{"line":8,"column":3}},"4":{"start":{"line":7,"column":4},"end":{"line":7,"column":25}},"5":{"start":{"line":10,"column":0},"end":{"line":12,"column":3}},"6":{"start":{"line":11,"column":4},"end":{"line":11,"column":28}},"7":{"start":{"line":14,"column":0},"end":{"line":14,"column":22}}},"fnMap":{"0":{"name":"(anonymous_0)","decl":{"start":{"line":6,"column":23},"end":{"line":6,"column":28}},"loc":{"start":{"line":6,"column":42},"end":{"line":8,"column":1}}},"1":{"name":"(anonymous_1)","decl":{"start":{"line":10,"column":27},"end":{"line":10,"column":32}},"loc":{"start":{"line":10,"column":52},"end":{"line":12,"column":1}}}},"branchMap":{},"s":{"0":0,"1":0,"2":0,"3":0,"4":0,"5":0,"6":0,"7":0},"f":{"0":0,"1":0},"b":{}}
,"/Users/mhartlanddykes/Projects/rugby-manager/backend/src/routes/api/teamRoutes.ts": {"path":"/Users/mhartlanddykes/Projects/rugby-manager/backend/src/routes/api/teamRoutes.ts","statementMap":{"0":{"start":{"line":1,"column":0},"end":{"line":1,"column":33}},"1":{"start":{"line":2,"column":0},"end":{"line":2,"column":77}},"2":{"start":{"line":4,"column":15},"end":{"line":4,"column":23}},"3":{"start":{"line":6,"column":0},"end":{"line":8,"column":3}},"4":{"start":{"line":7,"column":4},"end":{"line":7,"column":23}},"5":{"start":{"line":10,"column":0},"end":{"line":12,"column":3}},"6":{"start":{"line":11,"column":4},"end":{"line":11,"column":null}},"7":{"start":{"line":14,"column":0},"end":{"line":14,"column":22}}},"fnMap":{"0":{"name":"(anonymous_0)","decl":{"start":{"line":6,"column":21},"end":{"line":6,"column":26}},"loc":{"start":{"line":6,"column":40},"end":{"line":8,"column":1}}},"1":{"name":"(anonymous_1)","decl":{"start":{"line":10,"column":25},"end":{"line":10,"column":30}},"loc":{"start":{"line":10,"column":50},"end":{"line":12,"column":1}}}},"branchMap":{},"s":{"0":0,"1":0,"2":0,"3":0,"4":0,"5":0,"6":0,"7":0},"f":{"0":0,"1":0},"b":{}}
,"/Users/mhartlanddykes/Projects/rugby-manager/backend/src/routes/auth/loginRoutes.ts": {"path":"/Users/mhartlanddykes/Projects/rugby-manager/backend/src/routes/auth/loginRoutes.ts","statementMap":{"0":{"start":{"line":1,"column":0},"end":{"line":1,"column":33}},"1":{"start":{"line":2,"column":0},"end":{"line":2,"column":63}},"2":{"start":{"line":4,"column":15},"end":{"line":4,"column":23}},"3":{"start":{"line":6,"column":0},"end":{"line":8,"column":3}},"4":{"start":{"line":7,"column":4},"end":{"line":7,"column":20}},"5":{"start":{"line":10,"column":0},"end":{"line":10,"column":22}}},"fnMap":{"0":{"name":"(anonymous_0)","decl":{"start":{"line":6,"column":22},"end":{"line":6,"column":27}},"loc":{"start":{"line":6,"column":41},"end":{"line":8,"column":1}}}},"branchMap":{},"s":{"0":0,"1":0,"2":0,"3":0,"4":0,"5":0},"f":{"0":0},"b":{}}
,"/Users/mhartlanddykes/Projects/rugby-manager/backend/src/routes/auth/userRoutes.ts": {"path":"/Users/mhartlanddykes/Projects/rugby-manager/backend/src/routes/auth/userRoutes.ts","statementMap":{"0":{"start":{"line":1,"column":0},"end":{"line":1,"column":33}},"1":{"start":{"line":2,"column":0},"end":{"line":2,"column":92}},"2":{"start":{"line":4,"column":15},"end":{"line":4,"column":23}},"3":{"start":{"line":6,"column":0},"end":{"line":8,"column":3}},"4":{"start":{"line":7,"column":4},"end":{"line":7,"column":null}},"5":{"start":{"line":10,"column":0},"end":{"line":12,"column":null}},"6":{"start":{"line":11,"column":4},"end":{"line":11,"column":null}},"7":{"start":{"line":14,"column":0},"end":{"line":16,"column":null}},"8":{"start":{"line":15,"column":4},"end":{"line":15,"column":null}},"9":{"start":{"line":18,"column":0},"end":{"line":18,"column":22}}},"fnMap":{"0":{"name":"(anonymous_0)","decl":{"start":{"line":6,"column":21},"end":{"line":6,"column":26}},"loc":{"start":{"line":6,"column":40},"end":{"line":8,"column":1}}},"1":{"name":"(anonymous_1)","decl":{"start":{"line":10,"column":25},"end":{"line":10,"column":30}},"loc":{"start":{"line":10,"column":44},"end":{"line":12,"column":1}}},"2":{"name":"(anonymous_2)","decl":{"start":{"line":14,"column":26},"end":{"line":14,"column":31}},"loc":{"start":{"line":14,"column":54},"end":{"line":16,"column":1}}}},"branchMap":{},"s":{"0":0,"1":0,"2":0,"3":0,"4":0,"5":0,"6":0,"7":0,"8":0,"9":0},"f":{"0":0,"1":0,"2":0},"b":{}}
,"/Users/mhartlanddykes/Projects/rugby-manager/backend/src/routes/save/saveRoutes.ts": {"path":"/Users/mhartlanddykes/Projects/rugby-manager/backend/src/routes/save/saveRoutes.ts","statementMap":{"0":{"start":{"line":1,"column":0},"end":{"line":1,"column":32}},"1":{"start":{"line":2,"column":0},"end":{"line":2,"column":100}},"2":{"start":{"line":4,"column":15},"end":{"line":4,"column":23}},"3":{"start":{"line":6,"column":0},"end":{"line":8,"column":null}},"4":{"start":{"line":7,"column":4},"end":{"line":7,"column":null}},"5":{"start":{"line":10,"column":0},"end":{"line":12,"column":null}},"6":{"start":{"line":11,"column":4},"end":{"line":11,"column":null}},"7":{"start":{"line":14,"column":0},"end":{"line":14,"column":null}}},"fnMap":{"0":{"name":"(anonymous_0)","decl":{"start":{"line":6,"column":20},"end":{"line":6,"column":25}},"loc":{"start":{"line":6,"column":47},"end":{"line":8,"column":1}}},"1":{"name":"(anonymous_1)","decl":{"start":{"line":10,"column":19},"end":{"line":10,"column":24}},"loc":{"start":{"line":10,"column":47},"end":{"line":12,"column":1}}}},"branchMap":{},"s":{"0":0,"1":0,"2":0,"3":0,"4":0,"5":0,"6":0,"7":0},"f":{"0":0,"1":0},"b":{}}
}
